2025-05-26 18:51:00,848 [INFO] Loaded 5 models from model_paths_D.txt
2025-05-26 18:51:00,848 [INFO] Generating predictions for datasets\\D\\test.json.gz
2025-05-26 18:51:37,263 [INFO] Model weights for ensemble:
2025-05-26 18:51:37,264 [INFO] Model: model_D_cycle_1_epoch_3_loss_4.374_f1_0.788.pth
2025-05-26 18:51:37,264 [INFO] - Loss: 0.7881
2025-05-26 18:51:37,264 [INFO] - Weight: 0.2009
2025-05-26 18:51:37,264 [INFO] Model: model_D_cycle_2_epoch_7_loss_4.418_f1_0.766.pth
2025-05-26 18:51:37,264 [INFO] - Loss: 0.7656
2025-05-26 18:51:37,265 [INFO] - Weight: 0.1964
2025-05-26 18:51:37,265 [INFO] Model: model_D_cycle_3_epoch_2_loss_4.440_f1_0.787.pth
2025-05-26 18:51:37,265 [INFO] - Loss: 0.7872
2025-05-26 18:51:37,265 [INFO] - Weight: 0.2007
2025-05-26 18:51:37,265 [INFO] Model: model_D_cycle_4_epoch_2_loss_4.351_f1_0.803.pth
2025-05-26 18:51:37,266 [INFO] - Loss: 0.8031
2025-05-26 18:51:37,266 [INFO] - Weight: 0.2039
2025-05-26 18:51:37,266 [INFO] Model: model_D_cycle_5_epoch_5_loss_4.421_f1_0.774.pth
2025-05-26 18:51:37,266 [INFO] - Loss: 0.7740
2025-05-26 18:51:37,266 [INFO] - Weight: 0.1981
2025-05-26 18:51:37,272 [INFO] 
Ensemble prediction statistics:
2025-05-26 18:51:37,272 [INFO] Class 0: 183 samples
2025-05-26 18:51:37,272 [INFO] Class 1: 100 samples
2025-05-26 18:51:37,273 [INFO] Class 2: 367 samples
2025-05-26 18:51:37,273 [INFO] Class 3: 208 samples
2025-05-26 18:51:37,273 [INFO] Class 4: 1272 samples
2025-05-26 18:51:37,273 [INFO] Class 5: 120 samples
2025-05-26 18:51:37,273 [INFO] Average confidence: 0.9593
2025-05-26 18:51:37,274 [INFO] Min confidence: 0.4003
2025-05-26 18:51:37,274 [INFO] Max confidence: 1.0000
2025-05-26 18:51:37,326 [INFO] Saved predictions to submission/testset_D.csv
