2025-05-26 18:49:18,593 [INFO] Loaded 5 models from model_paths_A.txt
2025-05-26 18:49:18,593 [INFO] Generating predictions for datasets\\A\\test.json.gz
2025-05-26 18:49:55,258 [INFO] Model weights for ensemble:
2025-05-26 18:49:55,258 [INFO] Model: model_A_cycle_1_epoch_5_loss_6.759_f1_0.757.pth
2025-05-26 18:49:55,258 [INFO] - Loss: 0.7573
2025-05-26 18:49:55,258 [INFO] - Weight: 0.2033
2025-05-26 18:49:55,259 [INFO] Model: model_A_cycle_2_epoch_3_loss_6.971_f1_0.730.pth
2025-05-26 18:49:55,259 [INFO] - Loss: 0.7300
2025-05-26 18:49:55,259 [INFO] - Weight: 0.1978
2025-05-26 18:49:55,259 [INFO] Model: model_A_cycle_3_epoch_4_loss_7.272_f1_0.732.pth
2025-05-26 18:49:55,259 [INFO] - Loss: 0.7324
2025-05-26 18:49:55,259 [INFO] - Weight: 0.1983
2025-05-26 18:49:55,259 [INFO] Model: model_A_cycle_4_epoch_1_loss_6.991_f1_0.738.pth
2025-05-26 18:49:55,259 [INFO] - Loss: 0.7378
2025-05-26 18:49:55,260 [INFO] - Weight: 0.1993
2025-05-26 18:49:55,260 [INFO] Model: model_A_cycle_5_epoch_19_loss_6.618_f1_0.748.pth
2025-05-26 18:49:55,260 [INFO] - Loss: 0.7480
2025-05-26 18:49:55,260 [INFO] - Weight: 0.2014
2025-05-26 18:49:55,265 [INFO] 
Ensemble prediction statistics:
2025-05-26 18:49:55,266 [INFO] Class 0: 155 samples
2025-05-26 18:49:55,266 [INFO] Class 1: 290 samples
2025-05-26 18:49:55,266 [INFO] Class 2: 1055 samples
2025-05-26 18:49:55,266 [INFO] Class 3: 176 samples
2025-05-26 18:49:55,266 [INFO] Class 4: 659 samples
2025-05-26 18:49:55,267 [INFO] Class 5: 5 samples
2025-05-26 18:49:55,267 [INFO] Average confidence: 0.9541
2025-05-26 18:49:55,267 [INFO] Min confidence: 0.3960
2025-05-26 18:49:55,267 [INFO] Max confidence: 1.0000
2025-05-26 18:49:55,324 [INFO] Saved predictions to submission/testset_A.csv
