2025-05-25 21:51:10,158 [INFO] Starting training using datasets\\C\\train.json.gz
2025-05-25 21:52:23,110 [INFO] Loaded 10 pretrained models from model_paths_C.txt
2025-05-25 21:52:23,111 [INFO] 
Starting cycle 1 with seed 1
2025-05-25 21:52:31,425 [INFO] 
Starting training cycle 1
2025-05-25 21:52:32,714 [INFO] Loaded pretrained model: checkpoints/model_C_cycle_1_epoch_47_loss_0.305_f1_0.866.pth
2025-05-25 21:52:47,274 [INFO] New best model saved: checkpoints/model_C_cycle_1_epoch_0_loss_3.090_f1_0.857.pth
2025-05-25 21:52:47,275 [INFO] Best validation metrics - Loss: 3.0900, F1: 0.8572
2025-05-25 21:53:27,783 [INFO] Warm-up epochs finished
2025-05-25 21:54:48,715 [INFO] Cycle 1, Epoch 10, LR 6.000e-03, Train Loss: 10.4748, Val Loss: 9.1808, Val F1: 0.4958
2025-05-25 21:55:02,205 [INFO] Reloading best model: checkpoints/model_C_cycle_1_epoch_0_loss_3.090_f1_0.857.pth
2025-05-25 21:55:15,663 [INFO] Early stopping triggered at epoch 11
2025-05-25 21:55:15,664 [INFO] Cycle 1 completed:
2025-05-25 21:55:15,664 [INFO] - Final validation loss: 3.0900
2025-05-25 21:55:15,664 [INFO] - Final F1 score: 0.8572
2025-05-25 21:55:15,664 [INFO] 
Starting cycle 2 with seed 2
2025-05-25 21:55:24,471 [INFO] 
Starting training cycle 2
2025-05-25 21:55:24,509 [INFO] Loaded pretrained model: checkpoints/model_C_cycle_2_epoch_63_loss_0.310_f1_0.872.pth
2025-05-25 21:55:38,198 [INFO] New best model saved: checkpoints/model_C_cycle_2_epoch_0_loss_3.109_f1_0.859.pth
2025-05-25 21:55:38,198 [INFO] Best validation metrics - Loss: 3.1094, F1: 0.8586
2025-05-25 21:56:18,557 [INFO] Warm-up epochs finished
2025-05-25 21:57:39,322 [INFO] Cycle 2, Epoch 10, LR 6.000e-03, Train Loss: 10.3241, Val Loss: 8.3317, Val F1: 0.5466
2025-05-25 21:57:52,766 [INFO] Reloading best model: checkpoints/model_C_cycle_2_epoch_0_loss_3.109_f1_0.859.pth
2025-05-25 21:58:06,162 [INFO] Early stopping triggered at epoch 11
2025-05-25 21:58:06,162 [INFO] Cycle 2 completed:
2025-05-25 21:58:06,162 [INFO] - Final validation loss: 3.1094
2025-05-25 21:58:06,162 [INFO] - Final F1 score: 0.8586
2025-05-25 21:58:06,162 [INFO] 
Starting cycle 3 with seed 3
2025-05-25 21:58:14,982 [INFO] 
Starting training cycle 3
2025-05-25 21:58:15,032 [INFO] Loaded pretrained model: checkpoints/model_C_cycle_3_epoch_67_loss_0.355_f1_0.853.pth
2025-05-25 21:58:28,996 [INFO] New best model saved: checkpoints/model_C_cycle_3_epoch_0_loss_3.448_f1_0.837.pth
2025-05-25 21:58:28,996 [INFO] Best validation metrics - Loss: 3.4481, F1: 0.8367
2025-05-25 21:59:09,611 [INFO] Warm-up epochs finished
2025-05-25 22:00:31,427 [INFO] Cycle 3, Epoch 10, LR 6.000e-03, Train Loss: 9.4078, Val Loss: 7.5565, Val F1: 0.5727
2025-05-25 22:00:44,942 [INFO] Reloading best model: checkpoints/model_C_cycle_3_epoch_0_loss_3.448_f1_0.837.pth
2025-05-25 22:00:58,467 [INFO] Early stopping triggered at epoch 11
2025-05-25 22:00:58,467 [INFO] Cycle 3 completed:
2025-05-25 22:00:58,467 [INFO] - Final validation loss: 3.4481
2025-05-25 22:00:58,468 [INFO] - Final F1 score: 0.8367
2025-05-25 22:00:58,468 [INFO] 
Starting cycle 4 with seed 4
2025-05-25 22:01:07,072 [INFO] 
Starting training cycle 4
2025-05-25 22:01:07,125 [INFO] Loaded pretrained model: checkpoints/model_C_cycle_4_epoch_22_loss_0.314_f1_0.856.pth
2025-05-25 22:01:20,962 [INFO] New best model saved: checkpoints/model_C_cycle_4_epoch_0_loss_3.193_f1_0.848.pth
2025-05-25 22:01:20,962 [INFO] Best validation metrics - Loss: 3.1927, F1: 0.8484
2025-05-25 22:02:01,460 [INFO] Warm-up epochs finished
2025-05-25 22:03:22,604 [INFO] Cycle 4, Epoch 10, LR 6.000e-03, Train Loss: 10.3233, Val Loss: 6.8788, Val F1: 0.5854
2025-05-25 22:03:36,190 [INFO] Reloading best model: checkpoints/model_C_cycle_4_epoch_0_loss_3.193_f1_0.848.pth
2025-05-25 22:03:49,754 [INFO] Early stopping triggered at epoch 11
2025-05-25 22:03:49,755 [INFO] Cycle 4 completed:
2025-05-25 22:03:49,756 [INFO] - Final validation loss: 3.1927
2025-05-25 22:03:49,756 [INFO] - Final F1 score: 0.8484
2025-05-25 22:03:49,756 [INFO] 
Starting cycle 5 with seed 5
2025-05-25 22:03:58,734 [INFO] 
Starting training cycle 5
2025-05-25 22:03:58,779 [INFO] Loaded pretrained model: checkpoints/model_C_cycle_5_epoch_15_loss_0.358_f1_0.847.pth
2025-05-25 22:04:12,577 [INFO] New best model saved: checkpoints/model_C_cycle_5_epoch_0_loss_3.449_f1_0.834.pth
2025-05-25 22:04:12,578 [INFO] Best validation metrics - Loss: 3.4491, F1: 0.8340
2025-05-25 22:04:53,412 [INFO] Warm-up epochs finished
2025-05-25 22:06:14,928 [INFO] Cycle 5, Epoch 10, LR 6.000e-03, Train Loss: 9.2962, Val Loss: 8.6386, Val F1: 0.4942
2025-05-25 22:06:28,555 [INFO] Reloading best model: checkpoints/model_C_cycle_5_epoch_0_loss_3.449_f1_0.834.pth
2025-05-25 22:06:42,142 [INFO] Early stopping triggered at epoch 11
2025-05-25 22:06:42,143 [INFO] Cycle 5 completed:
2025-05-25 22:06:42,143 [INFO] - Final validation loss: 3.4491
2025-05-25 22:06:42,143 [INFO] - Final F1 score: 0.8340
2025-05-25 22:06:42,144 [INFO] Saved paths of the best models to model_paths_C.txt
2025-05-25 22:06:42,438 [INFO] Generating predictions for datasets\\C\\test.json.gz
2025-05-25 22:07:04,321 [INFO] Model weights for ensemble:
2025-05-25 22:07:04,322 [INFO] Model: model_C_cycle_1_epoch_0_loss_3.090_f1_0.857.pth
2025-05-25 22:07:04,322 [INFO] - Loss: 0.8572
2025-05-25 22:07:04,322 [INFO] - Weight: 0.2020
2025-05-25 22:07:04,322 [INFO] Model: model_C_cycle_2_epoch_0_loss_3.109_f1_0.859.pth
2025-05-25 22:07:04,322 [INFO] - Loss: 0.8586
2025-05-25 22:07:04,322 [INFO] - Weight: 0.2023
2025-05-25 22:07:04,322 [INFO] Model: model_C_cycle_3_epoch_0_loss_3.448_f1_0.837.pth
2025-05-25 22:07:04,322 [INFO] - Loss: 0.8367
2025-05-25 22:07:04,322 [INFO] - Weight: 0.1979
2025-05-25 22:07:04,323 [INFO] Model: model_C_cycle_4_epoch_0_loss_3.193_f1_0.848.pth
2025-05-25 22:07:04,323 [INFO] - Loss: 0.8484
2025-05-25 22:07:04,323 [INFO] - Weight: 0.2003
2025-05-25 22:07:04,323 [INFO] Model: model_C_cycle_5_epoch_0_loss_3.449_f1_0.834.pth
2025-05-25 22:07:04,323 [INFO] - Loss: 0.8340
2025-05-25 22:07:04,323 [INFO] - Weight: 0.1974
2025-05-25 22:07:04,327 [INFO] 
Ensemble prediction statistics:
2025-05-25 22:07:04,327 [INFO] Class 0: 87 samples
2025-05-25 22:07:04,327 [INFO] Class 1: 248 samples
2025-05-25 22:07:04,328 [INFO] Class 2: 895 samples
2025-05-25 22:07:04,328 [INFO] Class 3: 85 samples
2025-05-25 22:07:04,328 [INFO] Class 4: 86 samples
2025-05-25 22:07:04,328 [INFO] Class 5: 129 samples
2025-05-25 22:07:04,328 [INFO] Average confidence: 0.9796
2025-05-25 22:07:04,329 [INFO] Min confidence: 0.4003
2025-05-25 22:07:04,329 [INFO] Max confidence: 1.0000
2025-05-25 22:07:04,341 [INFO] Saved predictions to submission/testset_C.csv
