2025-05-26 18:50:30,558 [INFO] Loaded 5 models from model_paths_C.txt
2025-05-26 18:50:30,558 [INFO] Generating predictions for datasets\\C\\test.json.gz
2025-05-26 18:50:55,748 [INFO] Model weights for ensemble:
2025-05-26 18:50:55,748 [INFO] Model: model_C_cycle_1_epoch_4_loss_3.562_f1_0.863.pth
2025-05-26 18:50:55,749 [INFO] - Loss: 0.8628
2025-05-26 18:50:55,749 [INFO] - Weight: 0.2012
2025-05-26 18:50:55,749 [INFO] Model: model_C_cycle_2_epoch_0_loss_3.569_f1_0.872.pth
2025-05-26 18:50:55,749 [INFO] - Loss: 0.8720
2025-05-26 18:50:55,749 [INFO] - Weight: 0.2030
2025-05-26 18:50:55,750 [INFO] Model: model_C_cycle_3_epoch_3_loss_3.904_f1_0.849.pth
2025-05-26 18:50:55,750 [INFO] - Loss: 0.8492
2025-05-26 18:50:55,750 [INFO] - Weight: 0.1984
2025-05-26 18:50:55,750 [INFO] Model: model_C_cycle_4_epoch_12_loss_3.584_f1_0.856.pth
2025-05-26 18:50:55,751 [INFO] - Loss: 0.8557
2025-05-26 18:50:55,751 [INFO] - Weight: 0.1997
2025-05-26 18:50:55,751 [INFO] Model: model_C_cycle_5_epoch_12_loss_3.761_f1_0.845.pth
2025-05-26 18:50:55,751 [INFO] - Loss: 0.8451
2025-05-26 18:50:55,751 [INFO] - Weight: 0.1976
2025-05-26 18:50:55,755 [INFO] 
Ensemble prediction statistics:
2025-05-26 18:50:55,755 [INFO] Class 0: 88 samples
2025-05-26 18:50:55,756 [INFO] Class 1: 245 samples
2025-05-26 18:50:55,756 [INFO] Class 2: 899 samples
2025-05-26 18:50:55,756 [INFO] Class 3: 87 samples
2025-05-26 18:50:55,756 [INFO] Class 4: 86 samples
2025-05-26 18:50:55,756 [INFO] Class 5: 125 samples
2025-05-26 18:50:55,757 [INFO] Average confidence: 0.9817
2025-05-26 18:50:55,757 [INFO] Min confidence: 0.3961
2025-05-26 18:50:55,757 [INFO] Max confidence: 1.0000
2025-05-26 18:50:55,789 [INFO] Saved predictions to submission/testset_C.csv
